printphotomodule/proguard/seeds.txt
com.mobile.cover.photo.editor.back.maker.Pojoclasses.response.logout_response
com.mobile.cover.photo.editor.back.maker.aaNewUpdate.mall.mall_detail_activity
com.mobile.cover.photo.editor.back.maker.Pojoclasses.response.States
com.mobile.cover.photo.editor.back.maker.R$styleable
com.mobile.cover.photo.editor.back.maker.customView.sharp.Sharp$Properties
com.mobile.cover.photo.editor.back.maker.Pojoclasses.other.username_update_response_data
com.mobile.cover.photo.editor.back.maker.Pojoclasses.response.address_state_data
com.mobile.cover.photo.editor.back.maker.model.case_images_data
com.mobile.cover.photo.editor.back.maker.Pojoclasses.response.policy_response_dashboard
com.mobile.cover.photo.editor.back.maker.model.getdefault_sticker
com.mobile.cover.photo.editor.back.maker.R$bool
com.mobile.cover.photo.editor.back.maker.Pojoclasses.other.SellerOrder
com.mobile.cover.photo.editor.back.maker.model.DisplayImage
com.mobile.cover.photo.editor.back.maker.fragment.Mall_FragmentOne
com.mobile.cover.photo.editor.back.maker.model.PinCodeData
com.mobile.cover.photo.editor.back.maker.aaNewUpdate.autodetectionotp.AutoDetectOTP$registerReceiver$1
com.mobile.cover.photo.editor.back.maker.Pojoclasses.response.promo
com.mobile.cover.photo.editor.back.maker.aaNewUpdate.utilities.THUMB_TYPE
com.mobile.cover.photo.editor.back.maker.testing_modules.dimension_kajal_maulik.widgets.MaskableFrameLayout11
com.mobile.cover.photo.editor.back.maker.R$dimen
com.mobile.cover.photo.editor.back.maker.aaNewUpdate.activity.ModelListActivity
com.mobile.cover.photo.editor.back.maker.phonecase.FragmentPhoneCover
com.mobile.cover.photo.editor.back.maker.activity.Usefull.SellerWalletActivity
com.mobile.cover.photo.editor.back.maker.Pojoclasses.response.main_response_bulk
com.mobile.cover.photo.editor.back.maker.Paymentintegration.CityBankFragment
com.mobile.cover.photo.editor.back.maker.testing_modules.dimension_kajal_maulik.widgets.MaskableFrameLayout4
com.mobile.cover.photo.editor.back.maker.widget.ScaleImageView
com.mobile.cover.photo.editor.back.maker.aaNewUpdate.fragments.FragmentHome
com.mobile.cover.photo.editor.back.maker.Pojoclasses.other.validation_Data
com.mobile.cover.photo.editor.back.maker.activity.Usefull.Tshirt_Editing_Activity
com.mobile.cover.photo.editor.back.maker.Pojoclasses.other.prepaid_serviceable_data
com.mobile.cover.photo.editor.back.maker.R$mipmap
com.mobile.cover.photo.editor.back.maker.model.AllChild
com.mobile.cover.photo.editor.back.maker.customView.StickerView.StickerView$ActionMode
com.mobile.cover.photo.editor.back.maker.Pagination.model.TopRatedMovies
com.mobile.cover.photo.editor.back.maker.phonecase.SelectCompanyMobel
com.mobile.cover.photo.editor.back.maker.R$animator
com.mobile.cover.photo.editor.back.maker.testing_modules.dimension_kajal_maulik.activity.Mug_MainActivity
com.mobile.cover.photo.editor.back.maker.customView.photoview.PhotoView
com.mobile.cover.photo.editor.back.maker.Pojoclasses.response.orderidresponse
com.mobile.cover.photo.editor.back.maker.Pojoclasses.response.email_response
com.mobile.cover.photo.editor.back.maker.activity.Testing.Testing_paypal_demo
com.mobile.cover.photo.editor.back.maker.customView.VectorImageView
com.mobile.cover.photo.editor.back.maker.Pojoclasses.other.brand_response_data
com.mobile.cover.photo.editor.back.maker.testing_modules.dimension_kajal_maulik.widgets.CustomImageView
com.mobile.cover.photo.editor.back.maker.model.getdata
com.mobile.cover.photo.editor.back.maker.Pojoclasses.response.request_response_written
com.mobile.cover.photo.editor.back.maker.Alarm_notification.CAlarmReceiver
com.mobile.cover.photo.editor.back.maker.activity.Usefull.Preview_activity
com.mobile.cover.photo.editor.back.maker.model.MainModel
com.mobile.cover.photo.editor.back.maker.activity.Usefull.VideoActivity
com.mobile.cover.photo.editor.back.maker.testing_modules.view.VerticalSlidingPanel$SlideState
com.mobile.cover.photo.editor.back.maker.Pojoclasses.variant.Variants
...
com.activate.gcm.GCMIntentService
com.google.android.youtube.player.YouTubeBaseActivity
com.google.android.youtube.player.YouTubeThumbnailView
com.larvalabs.svgandroid.SVGParser$Properties
com.google.android.gcm.GCMBaseIntentService
com.google.android.youtube.player.internal.n
com.google.android.youtube.player.internal.aa
com.google.android.youtube.player.internal.w$a
com.google.android.youtube.player.internal.q
com.google.android.youtube.player.YouTubePlayerFragment
com.google.android.gcm.GCMBroadcastReceiver
com.google.android.youtube.player.YouTubePlayerView
com.google.android.youtube.player.internal.y
com.google.android.youtube.player.YouTubeInitializationResult
com.google.android.youtube.player.YouTubeInitializationResult: com.google.android.youtube.player.YouTubeInitializationResult SERVICE_INVALID
com.google.android.youtube.player.YouTubeInitializationResult: com.google.android.youtube.player.YouTubeInitializationResult UNKNOWN_ERROR
com.google.android.youtube.player.YouTubeInitializationResult: com.google.android.youtube.player.YouTubeInitializationResult INVALID_APPLICATION_SIGNATURE
com.google.android.youtube.player.YouTubeInitializationResult: com.google.android.youtube.player.YouTubeInitializationResult CLIENT_LIBRARY_UPDATE_REQUIRED
com.google.android.youtube.player.YouTubeInitializationResult: com.google.android.youtube.player.YouTubeInitializationResult DEVELOPER_KEY_INVALID
com.google.android.youtube.player.YouTubeInitializationResult: com.google.android.youtube.player.YouTubeInitializationResult SERVICE_MISSING
com.google.android.youtube.player.YouTubeInitializationResult: com.google.android.youtube.player.YouTubeInitializationResult SERVICE_DISABLED
com.google.android.youtube.player.YouTubeInitializationResult: com.google.android.youtube.player.YouTubeInitializationResult ERROR_CONNECTING_TO_SERVICE
com.google.android.youtube.player.YouTubeInitializationResult: com.google.android.youtube.player.YouTubeInitializationResult NETWORK_ERROR
com.google.android.youtube.player.YouTubeInitializationResult: com.google.android.youtube.player.YouTubeInitializationResult SERVICE_VERSION_UPDATE_REQUIRED
com.google.android.youtube.player.YouTubeInitializationResult: com.google.android.youtube.player.YouTubeInitializationResult INTERNAL_ERROR
com.google.android.youtube.player.YouTubeInitializationResult: com.google.android.youtube.player.YouTubeInitializationResult SUCCESS
com.google.android.youtube.player.internal.y: void openContextMenu(android.view.View)
com.google.android.youtube.player.YouTubePlayerView: YouTubePlayerView(android.content.Context,android.util.AttributeSet,int)
com.google.android.youtube.player.YouTubeThumbnailView: YouTubeThumbnailView(android.content.Context)
com.google.android.youtube.player.internal.w$a: w$a(java.lang.String)
com.google.android.youtube.player.YouTubeInitializationResult: com.google.android.youtube.player.YouTubeInitializationResult valueOf(java.lang.String)
com.google.android.youtube.player.YouTubePlayerView: void setClipToPadding(boolean)
com.google.android.youtube.player.internal.y: void unregisterForContextMenu(android.view.View)
com.google.android.youtube.player.YouTubeThumbnailView: YouTubeThumbnailView(android.content.Context,android.util.AttributeSet)
com.google.android.youtube.player.internal.w$a: w$a(java.lang.String,java.lang.Throwable)
com.google.android.youtube.player.YouTubePlayerView: void setPadding(int,int,int,int)
com.google.android.youtube.player.YouTubeInitializationResult: android.app.Dialog getErrorDialog(android.app.Activity,int,android.content.DialogInterface$OnCancelListener)
com.google.android.youtube.player.YouTubeThumbnailView: YouTubeThumbnailView(android.content.Context,android.util.AttributeSet,int)
com.google.android.youtube.player.YouTubePlayerView: YouTubePlayerView(android.content.Context,android.util.AttributeSet)
com.google.android.youtube.player.YouTubePlayerFragment: YouTubePlayerFragment()
com.google.android.youtube.player.internal.ab: ab()