printphotomodule/proguard/mapping.txt
# compiler: R8
# compiler_version: 3.3.83
# common_typos_disable
# {"id":"com.android.tools.r8.mapping","version":"2.0"}
# pg_map_id: 4161182
# pg_map_hash: SHA-256 416118263014cfdaf71493f500818fe71705a05993719b3bd1373f174a20d7b2
com.mobile.cover.photo.editor.back.maker.Alarm_notification.CAlarmReceiver -> com.mobile.cover.photo.editor.back.maker.Alarm_notification.CAlarmReceiver:
    int MID -> a
    1:1:void <init>():24:24 -> <init>
    1:48:void onReceive(android.content.Context,android.content.Intent):35:82 -> onReceive
com.mobile.cover.photo.editor.back.maker.BuildConfig -> d.a:
    java.lang.Boolean env_dev -> a
    1:1:void <clinit>():22:22 -> <clinit>
com.mobile.cover.photo.editor.back.maker.Chat.models.ChatMessage -> com.mobile.cover.photo.editor.back.maker.Chat.models.ChatMessage:
    com.mobile.cover.photo.editor.back.maker.Chat.models.ChatMessage$Type type -> d
    java.lang.String message -> a
    java.lang.String timestamp -> c
    java.lang.String imageurl -> b
    1:5:void <init>(java.lang.String,java.lang.String,com.mobile.cover.photo.editor.back.maker.Chat.models.ChatMessage$Type,java.lang.String):15:19 -> <init>
    1:1:java.lang.String getImageurl():64:64 -> a
    1:1:java.lang.String getMessage():36:36 -> b
    1:1:java.lang.String getTimestamp():28:28 -> c
    1:1:com.mobile.cover.photo.editor.back.maker.Chat.models.ChatMessage$Type getType():44:44 -> d
com.mobile.cover.photo.editor.back.maker.Chat.models.ChatMessage$Type -> com.mobile.cover.photo.editor.back.maker.Chat.models.ChatMessage$Type:
    com.mobile.cover.photo.editor.back.maker.Chat.models.ChatMessage$Type[] $VALUES -> a
    1:1:void <clinit>():80:80 -> <clinit>
    2:2:void <clinit>():79:79 -> <clinit>
    1:1:void <init>(java.lang.String,int):79:79 -> <init>
    1:1:com.mobile.cover.photo.editor.back.maker.Chat.models.ChatMessage$Type[] $values():79:79 -> a
    1:1:com.mobile.cover.photo.editor.back.maker.Chat.models.ChatMessage$Type valueOf(java.lang.String):79:79 -> valueOf
    1:1:com.mobile.cover.photo.editor.back.maker.Chat.models.ChatMessage$Type[] values():79:79 -> values
com.mobile.cover.photo.editor.back.maker.Commen.GlobalData -> com.mobile.cover.photo.editor.back.maker.Commen.GlobalData:
    int APP_ID -> l
    java.lang.String Fragment -> K
    java.lang.String msg -> j
    int screenHeight -> f
    java.util.ArrayList al_ad_full_image_from_storage -> g
    int position -> d
    boolean is_home_back -> q
    java.lang.String insta_access_token -> v
    java.util.ArrayList al_ad_package_name -> i
    boolean isFromHomeAgain -> E
    java.lang.String IMAGE_PATH -> a
    java.lang.String selected_tab -> c
    java.util.ArrayList saveList -> s
    boolean isAdShow -> A
    boolean is_button_click -> b
    boolean ChangeAppID -> n
    java.lang.String Package -> k
    int my_favourite_position -> J
    java.lang.String App_name -> m
    int my_photos_position -> H
    java.lang.String BG_FILE_NAME -> L
    java.util.ArrayList al_my_photos_photo -> G
    com.mobile.cover.photo.editor.back.maker.Commen.GlobalData$MODE_BACKGROUND modeBackground -> w
    int screenWidth -> e
    boolean is_social -> x
    android.graphics.Matrix matrix -> o
    boolean is_bg_selected -> r
    java.lang.String insta_id -> u
    java.lang.String imageUrl -> y
    boolean is_more_apps -> z
    java.util.List suitListAsset -> D
    java.util.ArrayList al_my_photos_favourite -> I
    java.util.ArrayList al_ad_full_image_name -> h
    boolean isFromHomeForChange -> F
    int selectGalleryImgPos -> t
    java.lang.Boolean APD_FLAG -> C
    boolean is_start -> B
...
com.activate.gcm.C2dmModule -> a.a:
    com.activate.gcm.C2dmModule getInstance() -> a
com.activate.gcm.GCMIntentService -> com.activate.gcm.GCMIntentService:
    1:1:void <init>():32:32 -> <init>
    1:3:void onError(android.content.Context,java.lang.String):105:107 -> a
    1:48:void onMessage(android.content.Context,android.content.Intent):51:98 -> b
    49:51:boolean onRecoverableError(android.content.Context,java.lang.String):112:114 -> b
    1:3:void onRegistered(android.content.Context,java.lang.String):37:39 -> c
    1:4:void onUnregistered(android.content.Context,java.lang.String):44:47 -> d
com.google.android.gcm.GCMBaseIntentService -> com.google.android.gcm.GCMBaseIntentService:
    android.os.PowerManager$WakeLock sWakeLock -> b
    java.lang.String TOKEN -> g
    java.util.Random sRandom -> e
    int MAX_BACKOFF_MS -> f
    java.lang.Object LOCK -> c
    java.lang.String mSenderId -> a
    int sCounter -> d
    1:14:void <clinit>():63:76 -> <clinit>
    1:2:void <init>(java.lang.String):86:87 -> <init>
    void onDeletedMessages(android.content.Context,int) -> a
    void onError(android.content.Context,java.lang.String) -> a
    1:13:void runIntentInService(android.content.Context,android.content.Intent,java.lang.String):229:241 -> a
    14:14:void runIntentInService(android.content.Context,android.content.Intent,java.lang.String):237:237 -> a
    15:69:void handleRegistration(android.content.Context,android.content.Intent):245:299 -> a
    void onMessage(android.content.Context,android.content.Intent) -> b
    boolean onRecoverableError(android.content.Context,java.lang.String) -> b
    void onRegistered(android.content.Context,java.lang.String) -> c
    void onUnregistered(android.content.Context,java.lang.String) -> d
    1:63:void onHandleIntent(android.content.Intent):154:216 -> onHandleIntent
    64:86:void onHandleIntent(android.content.Intent):194:216 -> onHandleIntent
    87:96:void onHandleIntent(android.content.Intent):207:216 -> onHandleIntent
com.google.android.gcm.GCMBroadcastReceiver -> com.google.android.gcm.GCMBroadcastReceiver:
    1:1:void <init>():37:37 -> <init>
    1:1:java.lang.String getGCMIntentServiceClassName(android.content.Context):56:56 -> a
    1:6:void onReceive(android.content.Context,android.content.Intent):44:49 -> onReceive
com.google.android.gcm.GCMRegistrar -> com.google.android.gcm.a:
    1:16:void internalRegister(android.content.Context,java.lang.String[]):209:224 -> a
    17:17:void internalRegister(android.content.Context,java.lang.String[]):210:210 -> a
    18:18:java.lang.String clearRegistrationId(android.content.Context):320:320 -> a
    19:26:java.lang.String setRegistrationId(android.content.Context,java.lang.String):330:337 -> a
    27:30:void setBackoff(android.content.Context,int):409:412 -> a
    1:6:int getAppVersion(android.content.Context):367:372 -> b
    1:2:int getBackoff(android.content.Context):395:396 -> c
    1:1:android.content.SharedPreferences getGCMPreferences(android.content.Context):416:416 -> d
    1:11:java.lang.String getRegistrationId(android.content.Context):290:300 -> e
    1:6:void internalUnregister(android.content.Context):256:261 -> f
    1:1:boolean isRegistered(android.content.Context):310:310 -> g
    1:2:void resetBackoff(android.content.Context):384:385 -> h
com.google.android.youtube.player.YouTubeApiServiceUtil -> b.a:
    com.google.android.youtube.player.YouTubeInitializationResult isYouTubeApiServiceAvailable(android.content.Context) -> a
com.google.android.youtube.player.YouTubeBaseActivity -> com.google.android.youtube.player.YouTubeBaseActivity:
    com.google.android.youtube.player.YouTubePlayerView c(com.google.android.youtube.player.YouTubeBaseActivity) -> a
    int d(com.google.android.youtube.player.YouTubeBaseActivity) -> b
com.google.android.youtube.player.YouTubeInitializationResult$1 -> com.google.android.youtube.player.YouTubeInitializationResult$a: