printphotomodule/proguard/unused.txt
com.mobile.cover.photo.editor.back.maker.BuildConfig:
    public static final java.lang.String BUILD_TYPE
    public static final boolean DEBUG
    public static final java.lang.String FLAVOR
    public static final java.lang.String LIBRARY_PACKAGE_NAME
    public static final java.lang.String ad_appopen_resume
    public static final java.lang.String ad_banner
    public static final java.lang.String ad_interstitial_splash
    public static final java.lang.String ad_native
    public static final java.lang.String ads_open_app
    public void <init>()
com.mobile.cover.photo.editor.back.maker.Chat.models.ChatMessage:
    private java.lang.String sender
    public java.lang.String getSender()
    public void setImageurl(java.lang.String)
    public void setMessage(java.lang.String)
    public void setSender(java.lang.String)
    public void setTimestamp(java.lang.String)
    public void setType(com.mobile.cover.photo.editor.back.maker.Chat.models.ChatMessage$Type)
com.mobile.cover.photo.editor.back.maker.Commen.DynamicUnitUtils
com.mobile.cover.photo.editor.back.maker.Commen.GlobalData$KEYNAME
com.mobile.cover.photo.editor.back.maker.Commen.GlobalData:
    public static int AD_index
    public static final int APPID
    public static android.graphics.Bitmap SELECTED_BITMAP
    public static android.graphics.Bitmap bitmapPhoto
    public static android.net.Uri editedImageUri
    public static android.graphics.Bitmap faceBitmap
    public static int h
    public static java.lang.String image_path
    public static boolean is_camera_backgroud
    public static java.lang.String ntv_img
    public static java.lang.String ntv_inglink
    public static int selectedColor
    public void <init>()
    public static android.app.ProgressDialog createProgressDialog(android.content.Context)
    private static java.io.File getTemporalFile(android.content.Context)
    public static java.lang.String saveCameraBGPhoto(android.content.Context,android.graphics.Bitmap)
    public static java.lang.String saveToInternalStorage(android.graphics.Bitmap)
    public static java.lang.String saveToTempPhoto(android.graphics.Bitmap)
    public static android.app.Dialog showProgress(android.content.Context,java.lang.String)
com.mobile.cover.photo.editor.back.maker.Commen.NetworkManager$1
com.mobile.cover.photo.editor.back.maker.Commen.NetworkManager$3
com.mobile.cover.photo.editor.back.maker.Commen.NetworkManager$4
com.mobile.cover.photo.editor.back.maker.Commen.NetworkManager$5
com.mobile.cover.photo.editor.back.maker.Commen.NetworkManager$6
com.mobile.cover.photo.editor.back.maker.Commen.NetworkManager:
    public void <init>()
    public static boolean isGPSConnected(android.content.Context)
    public static boolean isInternetConnected(android.app.Activity)
    public static boolean isWiFiConnected(android.content.Context)
    public static void showGPSSettingsAlert(android.content.Context)
    public static void showInternetSettingsAlert(android.content.Context)
com.mobile.cover.photo.editor.back.maker.Commen.OnSingleClickListener:
    private static final long MIN_CLICK_INTERVAL
com.mobile.cover.photo.editor.back.maker.Commen.Share:
    public static java.lang.String discount_amount
    public static java.util.List images
    public static java.lang.String item_edit_id
    public static boolean update
    public void <init>()
    public static java.lang.Boolean RestartApp(android.app.Activity)
    public static boolean checkAndRequestPermissions(android.app.Activity,int)
    public static boolean checkInternetConenction(android.content.Context)
    public static android.app.Dialog showProgress(android.content.Context,java.lang.String)
...
com.google.android.youtube.player.YouTubeThumbnailView$1
com.google.android.youtube.player.YouTubeThumbnailView$2
com.google.android.youtube.player.YouTubeThumbnailView$OnInitializedListener
com.google.android.youtube.player.YouTubeThumbnailView:
    private com.google.android.youtube.player.internal.b a
    static synthetic com.google.android.youtube.player.internal.b a(com.google.android.youtube.player.YouTubeThumbnailView)
    static synthetic com.google.android.youtube.player.internal.b b(com.google.android.youtube.player.YouTubeThumbnailView)
    public final void initialize(java.lang.String,com.google.android.youtube.player.YouTubeThumbnailView$OnInitializedListener)
com.google.android.youtube.player.internal.a
com.google.android.youtube.player.internal.ab:
    public abstract com.google.android.youtube.player.YouTubeThumbnailLoader a(com.google.android.youtube.player.internal.b,com.google.android.youtube.player.YouTubeThumbnailView)
com.google.android.youtube.player.internal.ad:
    public final com.google.android.youtube.player.YouTubeThumbnailLoader a(com.google.android.youtube.player.internal.b,com.google.android.youtube.player.YouTubeThumbnailView)
com.google.android.youtube.player.internal.b:
    public abstract com.google.android.youtube.player.internal.k a(com.google.android.youtube.player.internal.j)
com.google.android.youtube.player.internal.c$a$a
com.google.android.youtube.player.internal.d$a$a:
    public final void a()
    public final void a(int)
    public final void a(com.google.android.youtube.player.internal.e)
    public final void a(com.google.android.youtube.player.internal.f)
    public final void a(com.google.android.youtube.player.internal.g)
    public final void a(com.google.android.youtube.player.internal.h)
    public final void a(java.lang.String)
    public final void a(java.lang.String,int)
    public final void a(java.lang.String,int,int)
    public final void a(java.util.List,int,int)
    public final void b()
    public final void b(int)
    public final void b(java.lang.String,int)
    public final void b(java.lang.String,int,int)
    public final void b(java.util.List,int,int)
    public final void b(boolean)
    public final void c(int)
    public final void c(boolean)
    public final boolean c()
    public final void d(int)
    public final void d(boolean)
    public final boolean d()
    public final boolean e()
    public final void f()
    public final void g()
    public final int h()
    public final int i()
    public final int j()
    public final void k()
com.google.android.youtube.player.internal.d$a:
    public boolean onTransact(int,android.os.Parcel,android.os.Parcel,int)
com.google.android.youtube.player.internal.d:
    public abstract void a()
    public abstract void a(int)
    public abstract void a(com.google.android.youtube.player.internal.e)
    public abstract void a(com.google.android.youtube.player.internal.f)
    public abstract void a(com.google.android.youtube.player.internal.g)
    public abstract void a(com.google.android.youtube.player.internal.h)
    public abstract void a(java.lang.String)
    public abstract void a(java.lang.String,int)
    public abstract void a(java.lang.String,int,int)
    public abstract void a(java.util.List,int,int)
    public abstract void b()
    public abstract void b(int)
    public abstract void b(java.lang.String,int)
    public abstract void b(java.lang.String,int,int)
    public abstract void b(java.util.List,int,int)
    public abstract void b(boolean)
    public abstract void c(int)
    public abstract void c(boolean)
    public abstract boolean c()
    public abstract void d(int)
    public abstract void d(boolean)
    public abstract boolean d()
    public abstract boolean e()
    public abstract void f()
    public abstract void g()
    public abstract int h()
    public abstract int i()
    public abstract int j()
    public abstract void k()
com.google.android.youtube.player.internal.e$a$a